„Äêxkcoding„Äë2018-11-06 00:24:34.869 INFO  [Thread-52] o.s.b.w.s.c.AnnotationConfigServletWebServerApplicationContext - Closing org.springframework.boot.web.servlet.context.AnnotationConfigServletWebServerApplicationContext@710b18a6: startup date [Mon Nov 05 22:23:52 CST 2018]; root of context hierarchy
„Äêxkcoding„Äë2018-11-06 00:24:34.875 INFO  [Thread-52] o.s.c.s.DefaultLifecycleProcessor - Stopping beans in phase 2147483647
„Äêxkcoding„Äë2018-11-06 00:24:34.876 INFO  [Thread-52] o.s.j.e.a.AnnotationMBeanExporter - Unregistering JMX-exposed beans on shutdown
„Äêxkcoding„Äë2018-11-06 00:24:34.876 INFO  [Thread-52] o.s.j.e.a.AnnotationMBeanExporter - Unregistering JMX-exposed beans
„Äêxkcoding„Äë2018-11-06 00:24:34.880 INFO  [Thread-52] c.alibaba.druid.pool.DruidDataSource - {dataSource-1} closed
°æxkcoding°ø2018-11-06 16:03:13.621 INFO  [main] c.w.Springboot2MybatisDemoApplicationTests - Starting Springboot2MybatisDemoApplicationTests on PC-20170820ECQH with PID 13780 (started by Administrator in D:\w-java-manage 2\w-java-manage)
°æxkcoding°ø2018-11-06 16:03:13.623 INFO  [main] c.w.Springboot2MybatisDemoApplicationTests - No active profile set, falling back to default profiles: default
°æxkcoding°ø2018-11-06 16:03:13.659 INFO  [main] o.s.w.c.s.GenericWebApplicationContext - Refreshing org.springframework.web.context.support.GenericWebApplicationContext@3daf7722: startup date [Tue Nov 06 16:03:13 CST 2018]; root of context hierarchy
°æxkcoding°ø2018-11-06 16:03:16.111 INFO  [main] o.s.c.s.PostProcessorRegistrationDelegate$BeanPostProcessorChecker - Bean 'org.springframework.transaction.annotation.ProxyTransactionManagementConfiguration' of type [org.springframework.transaction.annotation.ProxyTransactionManagementConfiguration$$EnhancerBySpringCGLIB$$4029223c] is not eligible for getting processed by all BeanPostProcessors (for example: not eligible for auto-proxying)
°æxkcoding°ø2018-11-06 16:03:16.463 INFO  [main] c.a.d.s.b.a.DruidDataSourceAutoConfigure - Init DruidDataSource
°æxkcoding°ø2018-11-06 16:03:32.281 INFO  [main] c.alibaba.druid.pool.DruidDataSource - {dataSource-1} inited
°æxkcoding°ø2018-11-06 16:03:34.091 INFO  [main] o.s.w.s.m.m.a.RequestMappingHandlerMapping - Mapped "{[/account/delAccount],methods=[POST]}" onto public java.util.Map<java.lang.String, java.lang.Object> com.winterchen.controller.AccountController.delAccount(java.lang.Integer)
°æxkcoding°ø2018-11-06 16:03:34.092 INFO  [main] o.s.w.s.m.m.a.RequestMappingHandlerMapping - Mapped "{[/account/deleteAccount],methods=[POST]}" onto public java.util.Map<java.lang.String, java.lang.Object> com.winterchen.controller.AccountController.deleteAccount(java.lang.String)
°æxkcoding°ø2018-11-06 16:03:34.093 INFO  [main] o.s.w.s.m.m.a.RequestMappingHandlerMapping - Mapped "{[/account/AddEditAccount],methods=[POST]}" onto public java.util.Map<java.lang.String, java.lang.Object> com.winterchen.controller.AccountController.AddEditAccount(com.winterchen.model.AccountDomain)
°æxkcoding°ø2018-11-06 16:03:34.093 INFO  [main] o.s.w.s.m.m.a.RequestMappingHandlerMapping - Mapped "{[/account/allAccount],methods=[GET]}" onto public java.lang.Object com.winterchen.controller.AccountController.allAccount(int,int)
°æxkcoding°ø2018-11-06 16:03:34.094 INFO  [main] o.s.w.s.m.m.a.RequestMappingHandlerMapping - Mapped "{[/account/vlogin],methods=[POST]}" onto public java.util.Map<java.lang.String, java.lang.Object> com.winterchen.controller.AccountController.ilogin(java.lang.String,java.lang.String)
°æxkcoding°ø2018-11-06 16:03:34.094 INFO  [main] o.s.w.s.m.m.a.RequestMappingHandlerMapping - Mapped "{[/account/updatePwd],methods=[POST]}" onto public java.util.Map<java.lang.String, java.lang.Object> com.winterchen.controller.AccountController.updatePwd(java.lang.String,java.lang.String,java.lang.String)
°æxkcoding°ø2018-11-06 16:03:34.095 INFO  [main] o.s.w.s.m.m.a.RequestMappingHandlerMapping - Mapped "{[/article/getList],methods=[GET]}" onto public java.util.List<com.winterchen.model.ArticleTypeDomain> com.winterchen.controller.ArticleTypeController.getList(java.lang.String)
°æxkcoding°ø2018-11-06 16:03:34.098 INFO  [main] o.s.w.s.m.m.a.RequestMappingHandlerMapping - Mapped "{[/bulletin/updateBulletin],methods=[POST]}" onto public java.util.Map<java.lang.String, java.lang.Object> com.winterchen.controller.BulletinController.updateBulletinInfo(com.winterchen.model.Bulletin) throws java.lang.Exception
°æxkcoding°ø2018-11-06 16:03:34.099 INFO  [main] o.s.w.s.m.m.a.RequestMappingHandlerMapping - Mapped "{[/bulletin/saveBulletin],methods=[POST]}" onto public java.util.Map<java.lang.String, java.lang.Object> com.winterchen.controller.BulletinController.WithdrawInfo(com.winterchen.model.Bulletin) throws java.lang.Exception
°æxkcoding°ø2018-11-06 16:03:34.099 INFO  [main] o.s.w.s.m.m.a.RequestMappingHandlerMapping - Mapped "{[/bulletin/listBulletin],methods=[POST]}" onto public java.lang.Object com.winterchen.controller.BulletinController.selectWithdraws(java.util.Map<java.lang.String, java.lang.Object>) throws java.lang.Exception
°æxkcoding°ø2018-11-06 16:03:34.101 INFO  [main] o.s.w.s.m.m.a.RequestMappingHandlerMapping - Mapped "{[/capitalDetail/saveCapitalDetail],methods=[POST]}" onto public java.util.Map<java.lang.String, java.lang.Object> com.winterchen.controller.CapitalDetailController.CapitalDetailInfo(com.winterchen.model.CapitalDetail) throws java.lang.Exception
°æxkcoding°ø2018-11-06 16:03:34.102 INFO  [main] o.s.w.s.m.m.a.RequestMappingHandlerMapping - Mapped "{[/capitalDetail/listCapitalDetail.do],methods=[POST]}" onto public java.lang.Object com.winterchen.controller.CapitalDetailController.selectCapitalDetails(java.util.Map<java.lang.String, java.lang.Object>) throws java.lang.Exception
°æxkcoding°ø2018-11-06 16:03:34.103 INFO  [main] o.s.w.s.m.m.a.RequestMappingHandlerMapping - Mapped "{[/email/htmlEmail]}" onto public com.winterchen.util.email.result.ServerResponse com.winterchen.controller.EmailController.htmlEmail(java.lang.String,java.lang.String,java.lang.String,java.lang.String)
°æxkcoding°ø2018-11-06 16:03:34.105 INFO  [main] o.s.w.s.m.m.a.RequestMappingHandlerMapping - Mapped "{[/yf2],methods=[GET]}" onto public int com.winterchen.controller.ExceptionController.yf2(int)
°æxkcoding°ø2018-11-06 16:03:34.106 INFO  [main] o.s.w.s.m.m.a.RequestMappingHandlerMapping - Mapped "{[/yf1],methods=[GET]}" onto public int com.winterchen.controller.ExceptionController.yf1(int)
°æxkcoding°ø2018-11-06 16:03:34.106 INFO  [main] o.s.w.s.m.m.a.RequestMappingHandlerMapping - Mapped "{[/yf0],methods=[GET]}" onto public int com.winterchen.controller.ExceptionController.yf0(int)
°æxkcoding°ø2018-11-06 16:03:34.106 INFO  [main] o.s.w.s.m.m.a.RequestMappingHandlerMapping - Mapped "{[/yf11/{id}],methods=[GET]}" onto public int com.winterchen.controller.ExceptionController.yf11(int)
°æxkcoding°ø2018-11-06 16:03:34.107 INFO  [main] o.s.w.s.m.m.a.RequestMappingHandlerMapping - Mapped "{[/post0],methods=[POST]}" onto public int com.winterchen.controller.ExceptionController.post0(int)
°æxkcoding°ø2018-11-06 16:03:34.108 INFO  [main] o.s.w.s.m.m.a.RequestMappingHandlerMapping - Mapped "{[/post1],methods=[POST]}" onto public int com.winterchen.controller.ExceptionController.post1(int)
°æxkcoding°ø2018-11-06 16:03:34.108 INFO  [main] o.s.w.s.m.m.a.RequestMappingHandlerMapping - Mapped "{[/post2],methods=[POST]}" onto public int com.winterchen.controller.ExceptionController.post2(int)
°æxkcoding°ø2018-11-06 16:03:34.108 INFO  [main] o.s.w.s.m.m.a.RequestMappingHandlerMapping - Mapped "{[/test1],methods=[GET]}" onto public java.lang.String com.winterchen.controller.ExceptionController.test1()
°æxkcoding°ø2018-11-06 16:03:34.109 INFO  [main] o.s.w.s.m.m.a.RequestMappingHandlerMapping - Mapped "{[/test2],methods=[GET]}" onto public java.util.Map<java.lang.String, java.lang.String> com.winterchen.controller.ExceptionController.test2()
°æxkcoding°ø2018-11-06 16:03:34.109 INFO  [main] o.s.w.s.m.m.a.RequestMappingHandlerMapping - Mapped "{[/test3],methods=[GET]}" onto public java.lang.String com.winterchen.controller.ExceptionController.test3(java.lang.Integer)
°æxkcoding°ø2018-11-06 16:03:34.110 INFO  [main] o.s.w.s.m.m.a.RequestMappingHandlerMapping - Mapped "{[/test4],methods=[GET]}" onto public java.lang.String com.winterchen.controller.ExceptionController.test4()
°æxkcoding°ø2018-11-06 16:03:34.116 INFO  [main] o.s.w.s.m.m.a.RequestMappingHandlerMapping - Mapped "{[/uploads/index.html],methods=[GET]}" onto public java.lang.String com.winterchen.controller.FileUploadController.index()
°æxkcoding°ø2018-11-06 16:03:34.117 INFO  [main] o.s.w.s.m.m.a.RequestMappingHandlerMapping - Mapped "{[/uploads/down.html],methods=[GET]}" onto public java.lang.String com.winterchen.controller.FileUploadController.down()
°æxkcoding°ø2018-11-06 16:03:34.118 INFO  [main] o.s.w.s.m.m.a.RequestMappingHandlerMapping - Mapped "{[/uploads/teacher.html],methods=[GET]}" onto public java.lang.String com.winterchen.controller.FileUploadController.teacher()
°æxkcoding°ø2018-11-06 16:03:34.119 INFO  [main] o.s.w.s.m.m.a.RequestMappingHandlerMapping - Mapped "{[/uploads/upload1],methods=[POST]}" onto public java.util.Map<java.lang.String, java.lang.String> com.winterchen.controller.FileUploadController.upload1(org.springframework.web.multipart.MultipartFile,java.lang.String,java.lang.String,javax.servlet.http.HttpServletRequest) throws java.io.IOException
°æxkcoding°ø2018-11-06 16:03:34.120 INFO  [main] o.s.w.s.m.m.a.RequestMappingHandlerMapping - Mapped "{[/uploads/upload_1],methods=[POST]}" onto public java.util.Map<java.lang.String, java.lang.String> com.winterchen.controller.FileUploadController.upload_1(org.springframework.web.multipart.MultipartFile,java.lang.String,java.lang.String,javax.servlet.http.HttpServletRequest) throws java.io.IOException
°æxkcoding°ø2018-11-06 16:03:34.121 INFO  [main] o.s.w.s.m.m.a.RequestMappingHandlerMapping - Mapped "{[/uploads/userDownLoad],methods=[POST]}" onto public java.util.Map<java.lang.String, java.lang.Object> com.winterchen.controller.FileUploadController.userDownLoad(java.lang.String,java.lang.String,javax.servlet.http.HttpServletRequest) throws java.io.IOException
°æxkcoding°ø2018-11-06 16:03:34.123 INFO  [main] o.s.w.s.m.m.a.RequestMappingHandlerMapping - Mapped "{[/uploads/getUserFile],methods=[POST]}" onto public java.util.Map<java.lang.String, java.lang.Object> com.winterchen.controller.FileUploadController.getUserFile(java.lang.String,java.lang.String,javax.servlet.http.HttpServletRequest) throws java.io.IOException
°æxkcoding°ø2018-11-06 16:03:34.124 INFO  [main] o.s.w.s.m.m.a.RequestMappingHandlerMapping - Mapped "{[/uploads/upload2],methods=[POST]}" onto public java.util.List<java.util.Map<java.lang.String, java.lang.String>> com.winterchen.controller.FileUploadController.upload2(org.springframework.web.multipart.MultipartFile[]) throws java.io.IOException
°æxkcoding°ø2018-11-06 16:03:34.124 INFO  [main] o.s.w.s.m.m.a.RequestMappingHandlerMapping - Mapped "{[/uploads/upload3],methods=[POST]}" onto public void com.winterchen.controller.FileUploadController.upload2(java.lang.String) throws java.io.IOException
°æxkcoding°ø2018-11-06 16:03:34.126 INFO  [main] o.s.w.s.m.m.a.RequestMappingHandlerMapping - Mapped "{[/account/getPhone],methods=[POST]}" onto public java.lang.Object com.winterchen.controller.GetPhoneController.JsonResult(java.lang.String,java.lang.String,java.lang.String)
°æxkcoding°ø2018-11-06 16:03:34.127 INFO  [main] o.s.w.s.m.m.a.RequestMappingHandlerMapping - Mapped "{[/log/list],methods=[GET]}" onto public java.lang.Object com.winterchen.controller.LogController.findAllLog(int,int)
°æxkcoding°ø2018-11-06 16:03:34.134 INFO  [main] o.s.w.s.m.m.a.RequestMappingHandlerMapping - Mapped "{[/wx/api/list],methods=[GET]}" onto public java.util.Map<java.lang.String, java.lang.Object> com.winterchen.controller.OrderInfoController.list(int,int,int,java.lang.String,java.lang.String,int,java.lang.String)
°æxkcoding°ø2018-11-06 16:03:34.135 INFO  [main] o.s.w.s.m.m.a.RequestMappingHandlerMapping - Mapped "{[/wx/api/insert],methods=[POST]}" onto public java.util.Map<java.lang.String, java.lang.Object> com.winterchen.controller.OrderInfoController.insert(com.winterchen.model.OrderInfoDomain)
°æxkcoding°ø2018-11-06 16:03:34.135 INFO  [main] o.s.w.s.m.m.a.RequestMappingHandlerMapping - Mapped "{[/wx/api/getOrder],methods=[GET]}" onto public java.lang.Object com.winterchen.controller.OrderInfoController.getOrder(java.lang.String,java.lang.String)
°æxkcoding°ø2018-11-06 16:03:34.136 INFO  [main] o.s.w.s.m.m.a.RequestMappingHandlerMapping - Mapped "{[/wx/api/getStatus],methods=[GET]}" onto public java.util.Map<java.lang.String, java.lang.Object> com.winterchen.controller.OrderInfoController.getStatus(java.lang.String)
°æxkcoding°ø2018-11-06 16:03:34.136 INFO  [main] o.s.w.s.m.m.a.RequestMappingHandlerMapping - Mapped "{[/wx/api/getUserStatistics],methods=[GET]}" onto public java.lang.Object com.winterchen.controller.OrderInfoController.getUserStatistics(java.lang.String)
°æxkcoding°ø2018-11-06 16:03:34.137 INFO  [main] o.s.w.s.m.m.a.RequestMappingHandlerMapping - Mapped "{[/wx/api/getAgentStatistics],methods=[GET]}" onto public java.lang.Object com.winterchen.controller.OrderInfoController.getAgentStatistics(java.lang.String)
°æxkcoding°ø2018-11-06 16:03:34.137 INFO  [main] o.s.w.s.m.m.a.RequestMappingHandlerMapping - Mapped "{[/wx/api/getMoney],methods=[GET]}" onto public java.util.Map<java.lang.String, java.lang.Integer> com.winterchen.controller.OrderInfoController.getMoney(java.lang.String)
°æxkcoding°ø2018-11-06 16:03:34.138 INFO  [main] o.s.w.s.m.m.a.RequestMappingHandlerMapping - Mapped "{[/wx/api/orderDetail],methods=[GET]}" onto public java.lang.Object com.winterchen.controller.OrderInfoController.orderDetail(java.lang.String)
°æxkcoding°ø2018-11-06 16:03:34.138 INFO  [main] o.s.w.s.m.m.a.RequestMappingHandlerMapping - Mapped "{[/wx/api/closeOrder],methods=[GET]}" onto public java.util.Map<java.lang.String, java.lang.Object> com.winterchen.controller.OrderInfoController.closeOrder(java.lang.String)
°æxkcoding°ø2018-11-06 16:03:34.139 INFO  [main] o.s.w.s.m.m.a.RequestMappingHandlerMapping - Mapped "{[/wx/api/robOrder],methods=[GET]}" onto public java.util.Map<java.lang.String, java.lang.Object> com.winterchen.controller.OrderInfoController.robOrder(java.lang.String,java.lang.String)
°æxkcoding°ø2018-11-06 16:03:34.139 INFO  [main] o.s.w.s.m.m.a.RequestMappingHandlerMapping - Mapped "{[/wx/api/returno],methods=[GET]}" onto public java.util.Map<java.lang.String, java.lang.Object> com.winterchen.controller.OrderInfoController.returno(java.lang.String,int,int)
°æxkcoding°ø2018-11-06 16:03:34.139 INFO  [main] o.s.w.s.m.m.a.RequestMappingHandlerMapping - Mapped "{[/wx/api/fpTeacher],methods=[GET]}" onto public java.util.Map<java.lang.String, java.lang.Object> com.winterchen.controller.OrderInfoController.fpTeacher(java.lang.String,java.lang.String)
°æxkcoding°ø2018-11-06 16:03:34.141 INFO  [main] o.s.w.s.m.m.a.RequestMappingHandlerMapping - Mapped "{[/order/list],methods=[GET]}" onto public java.util.Map<java.lang.String, java.lang.Object> com.winterchen.controller.OrderManageController.list(int,int,int,java.lang.String,int,int,java.lang.String,java.lang.String,java.lang.String)
°æxkcoding°ø2018-11-06 16:03:34.142 INFO  [main] o.s.w.s.m.m.a.RequestMappingHandlerMapping - Mapped "{[/order/show],methods=[GET]}" onto public java.util.Map<java.lang.String, java.lang.Object> com.winterchen.controller.OrderManageController.show(java.lang.String,java.lang.String)
°æxkcoding°ø2018-11-06 16:03:34.142 INFO  [main] o.s.w.s.m.m.a.RequestMappingHandlerMapping - Mapped "{[/order/getTeachInfo],methods=[GET]}" onto public java.lang.Object com.winterchen.controller.OrderManageController.getTeachInfo(java.lang.String)
°æxkcoding°ø2018-11-06 16:03:34.143 INFO  [main] o.s.w.s.m.m.a.RequestMappingHandlerMapping - Mapped "{[/order/list7],methods=[GET]}" onto public java.util.Map<java.lang.String, java.lang.Object> com.winterchen.controller.OrderManageController.list7(int,int,java.lang.String,java.lang.String,java.lang.String)
°æxkcoding°ø2018-11-06 16:03:34.144 INFO  [main] o.s.w.s.m.m.a.RequestMappingHandlerMapping - Mapped "{[/wx/api/evaluate],methods=[POST]}" onto public java.util.Map<java.lang.String, java.lang.Object> com.winterchen.controller.OrderPxController.evaluate(com.winterchen.model.OrderPxDomain)
°æxkcoding°ø2018-11-06 16:03:34.146 INFO  [main] o.s.w.s.m.m.a.RequestMappingHandlerMapping - Mapped "{[/money/list],methods=[GET]}" onto public java.util.Map<java.lang.String, java.lang.Object> com.winterchen.controller.ProportionController.list()
°æxkcoding°ø2018-11-06 16:03:34.146 INFO  [main] o.s.w.s.m.m.a.RequestMappingHandlerMapping - Mapped "{[/money/fp],methods=[POST]}" onto public java.util.Map<java.lang.String, java.lang.Object> com.winterchen.controller.ProportionController.fp(com.winterchen.model.ProportionDomain)
°æxkcoding°ø2018-11-06 16:03:34.147 INFO  [main] o.s.w.s.m.m.a.RequestMappingHandlerMapping - Mapped "{[/evaluate/info],methods=[GET]}" onto public java.lang.Object com.winterchen.controller.PxInfoController.info(java.lang.String)
°æxkcoding°ø2018-11-06 16:03:34.150 INFO  [main] o.s.w.s.m.m.a.RequestMappingHandlerMapping - Mapped "{[/wx/user/update],methods=[POST]}" onto public java.util.Map<java.lang.String, java.lang.Object> com.winterchen.controller.RoleController.update(com.winterchen.model.RoleDomain)
°æxkcoding°ø2018-11-06 16:03:34.150 INFO  [main] o.s.w.s.m.m.a.RequestMappingHandlerMapping - Mapped "{[/wx/user/list],methods=[GET]}" onto public java.util.List<com.winterchen.model.RoleDomain> com.winterchen.controller.RoleController.list(java.lang.String)
°æxkcoding°ø2018-11-06 16:03:34.151 INFO  [main] o.s.w.s.m.m.a.RequestMappingHandlerMapping - Mapped "{[/wx/user/setRole],methods=[POST]}" onto public java.util.Map<java.lang.String, java.lang.Object> com.winterchen.controller.RoleController.setRole(java.lang.String,java.lang.String,java.lang.String)
°æxkcoding°ø2018-11-06 16:03:34.151 INFO  [main] o.s.w.s.m.m.a.RequestMappingHandlerMapping - Mapped "{[/wx/user/getInfo],methods=[GET]}" onto public com.winterchen.model.RoleDomain com.winterchen.controller.RoleController.getInfo(java.lang.String)
°æxkcoding°ø2018-11-06 16:03:34.152 INFO  [main] o.s.w.s.m.m.a.RequestMappingHandlerMapping - Mapped "{[/wx/user/baseInfo],methods=[POST]}" onto public java.util.Map<java.lang.String, java.lang.Object> com.winterchen.controller.RoleController.baseInfo(com.winterchen.model.RoleDomain)
°æxkcoding°ø2018-11-06 16:03:34.152 INFO  [main] o.s.w.s.m.m.a.RequestMappingHandlerMapping - Mapped "{[/wx/user/allRole],methods=[GET]}" onto public java.util.Map<java.lang.String, java.lang.Object> com.winterchen.controller.RoleController.allRole(int,int,java.lang.String,java.lang.String,java.lang.String)
°æxkcoding°ø2018-11-06 16:03:34.154 INFO  [main] o.s.w.s.m.m.a.RequestMappingHandlerMapping - Mapped "{[/team/add],methods=[POST]}" onto public java.util.Map<java.lang.String, java.lang.Object> com.winterchen.controller.TeamController.add(com.winterchen.model.TeamDomain)
°æxkcoding°ø2018-11-06 16:03:34.155 INFO  [main] o.s.w.s.m.m.a.RequestMappingHandlerMapping - Mapped "{[/team/more],methods=[GET]}" onto public java.util.List<com.winterchen.model.dto.UserDto> com.winterchen.controller.TeamController.more()
°æxkcoding°ø2018-11-06 16:03:34.155 INFO  [main] o.s.w.s.m.m.a.RequestMappingHandlerMapping - Mapped "{[/team/show],methods=[GET]}" onto public java.util.Map<java.lang.String, java.lang.Object> com.winterchen.controller.TeamController.show()
°æxkcoding°ø2018-11-06 16:03:34.156 INFO  [main] o.s.w.s.m.m.a.RequestMappingHandlerMapping - Mapped "{[/team/dict],methods=[GET]}" onto public java.util.Map<java.lang.String, java.lang.Object> com.winterchen.controller.TeamController.dict(java.lang.String)
°æxkcoding°ø2018-11-06 16:03:34.157 INFO  [main] o.s.w.s.m.m.a.RequestMappingHandlerMapping - Mapped "{[/teamDes/findOne],methods=[GET]}" onto public java.util.Map<java.lang.String, java.lang.Object> com.winterchen.controller.TeamDesController.findOne(java.lang.String)
°æxkcoding°ø2018-11-06 16:03:34.158 INFO  [main] o.s.w.s.m.m.a.RequestMappingHandlerMapping - Mapped "{[/index],methods=[GET]}" onto public java.lang.String com.winterchen.controller.TESTs.index()
°æxkcoding°ø2018-11-06 16:03:34.159 INFO  [main] o.s.w.s.m.m.a.RequestMappingHandlerMapping - Mapped "{[/transfer/pay],methods=[GET]}" onto public void com.winterchen.controller.TransferController.transferPay(javax.servlet.http.HttpServletRequest,javax.servlet.http.HttpServletResponse,java.lang.String,java.lang.String)
°æxkcoding°ø2018-11-06 16:03:34.160 INFO  [main] o.s.w.s.m.m.a.RequestMappingHandlerMapping - Mapped "{[/transfer/pay/query],methods=[POST]}" onto public void com.winterchen.controller.TransferController.orderPayQuery(javax.servlet.http.HttpServletRequest,javax.servlet.http.HttpServletResponse,java.lang.String,java.lang.String)
°æxkcoding°ø2018-11-06 16:03:34.161 INFO  [main] o.s.w.s.m.m.a.RequestMappingHandlerMapping - Mapped "{[/user/add],methods=[POST]}" onto public java.util.Map<java.lang.String, java.lang.Object> com.winterchen.controller.UserController.addUser(com.winterchen.model.UserDomain)
°æxkcoding°ø2018-11-06 16:03:34.162 INFO  [main] o.s.w.s.m.m.a.RequestMappingHandlerMapping - Mapped "{[/user/del],methods=[POST]}" onto public java.util.Map<java.lang.String, java.lang.Object> com.winterchen.controller.UserController.removeArea(java.lang.Integer)
°æxkcoding°ø2018-11-06 16:03:34.162 INFO  [main] o.s.w.s.m.m.a.RequestMappingHandlerMapping - Mapped "{[/user/alone],methods=[POST]}" onto public java.util.Map<java.lang.String, java.lang.Object> com.winterchen.controller.UserController.alone(java.lang.Integer)
°æxkcoding°ø2018-11-06 16:03:34.163 INFO  [main] o.s.w.s.m.m.a.RequestMappingHandlerMapping - Mapped "{[/user/all],methods=[GET]}" onto public java.lang.Object com.winterchen.controller.UserController.findAllUser(int,int,java.lang.String,java.lang.String)
°æxkcoding°ø2018-11-06 16:03:34.164 INFO  [main] o.s.w.s.m.m.a.RequestMappingHandlerMapping - Mapped "{[/weixin/wxPay]}" onto public com.winterchen.util.wx.weixin.Json com.winterchen.controller.WeixinController.wxPay(java.lang.String,java.lang.String,java.lang.String,java.lang.String,javax.servlet.http.HttpServletRequest)
°æxkcoding°ø2018-11-06 16:03:34.164 INFO  [main] o.s.w.s.m.m.a.RequestMappingHandlerMapping - Mapped "{[/weixin/wxNotify]}" onto public void com.winterchen.controller.WeixinController.wxNotify(javax.servlet.http.HttpServletRequest,javax.servlet.http.HttpServletResponse) throws java.lang.Exception
°æxkcoding°ø2018-11-06 16:03:34.166 INFO  [main] o.s.w.s.m.m.a.RequestMappingHandlerMapping - Mapped "{[/withdraw/updateWithdraw],methods=[POST]}" onto public java.util.Map<java.lang.String, java.lang.Object> com.winterchen.controller.WithdrawController.updateWithdrawInfo(com.winterchen.model.Withdraw) throws java.lang.Exception
°æxkcoding°ø2018-11-06 16:03:34.167 INFO  [main] o.s.w.s.m.m.a.RequestMappingHandlerMapping - Mapped "{[/withdraw/saveWithdraw],methods=[POST]}" onto public java.util.Map<java.lang.String, java.lang.Object> com.winterchen.controller.WithdrawController.WithdrawInfo(com.winterchen.model.Withdraw) throws java.lang.Exception
°æxkcoding°ø2018-11-06 16:03:34.167 INFO  [main] o.s.w.s.m.m.a.RequestMappingHandlerMapping - Mapped "{[/withdraw/listWithdraw.do],methods=[POST]}" onto public java.lang.Object com.winterchen.controller.WithdrawController.selectWithdraws(java.util.Map<java.lang.String, java.lang.Object>) throws java.lang.Exception
°æxkcoding°ø2018-11-06 16:03:34.172 INFO  [main] o.s.w.s.m.m.a.RequestMappingHandlerMapping - Mapped "{[/swagger-resources/configuration/security]}" onto public org.springframework.http.ResponseEntity<springfox.documentation.swagger.web.SecurityConfiguration> springfox.documentation.swagger.web.ApiResourceController.securityConfiguration()
°æxkcoding°ø2018-11-06 16:03:34.173 INFO  [main] o.s.w.s.m.m.a.RequestMappingHandlerMapping - Mapped "{[/swagger-resources/configuration/ui]}" onto public org.springframework.http.ResponseEntity<springfox.documentation.swagger.web.UiConfiguration> springfox.documentation.swagger.web.ApiResourceController.uiConfiguration()
°æxkcoding°ø2018-11-06 16:03:34.174 INFO  [main] o.s.w.s.m.m.a.RequestMappingHandlerMapping - Mapped "{[/swagger-resources]}" onto public org.springframework.http.ResponseEntity<java.util.List<springfox.documentation.swagger.web.SwaggerResource>> springfox.documentation.swagger.web.ApiResourceController.swaggerResources()
°æxkcoding°ø2018-11-06 16:03:34.179 INFO  [main] o.s.w.s.m.m.a.RequestMappingHandlerMapping - Mapped "{[/error]}" onto public org.springframework.http.ResponseEntity<java.util.Map<java.lang.String, java.lang.Object>> org.springframework.boot.autoconfigure.web.servlet.error.BasicErrorController.error(javax.servlet.http.HttpServletRequest)
°æxkcoding°ø2018-11-06 16:03:34.180 INFO  [main] o.s.w.s.m.m.a.RequestMappingHandlerMapping - Mapped "{[/error],produces=[text/html]}" onto public org.springframework.web.servlet.ModelAndView org.springframework.boot.autoconfigure.web.servlet.error.BasicErrorController.errorHtml(javax.servlet.http.HttpServletRequest,javax.servlet.http.HttpServletResponse)
°æxkcoding°ø2018-11-06 16:03:34.481 INFO  [main] s.d.s.w.PropertySourcedRequestMappingHandlerMapping - Mapped URL path [/v2/api-docs] onto method [public org.springframework.http.ResponseEntity<springfox.documentation.spring.web.json.Json> springfox.documentation.swagger2.web.Swagger2Controller.getDocumentation(java.lang.String,javax.servlet.http.HttpServletRequest)]
°æxkcoding°ø2018-11-06 16:03:34.956 INFO  [main] o.s.w.s.h.SimpleUrlHandlerMapping - Mapped URL path [/**/favicon.ico] onto handler of type [class org.springframework.web.servlet.resource.ResourceHttpRequestHandler]
°æxkcoding°ø2018-11-06 16:03:35.238 INFO  [main] o.s.w.s.m.m.a.RequestMappingHandlerAdapter - Looking for @ControllerAdvice: org.springframework.web.context.support.GenericWebApplicationContext@3daf7722: startup date [Tue Nov 06 16:03:13 CST 2018]; root of context hierarchy
°æxkcoding°ø2018-11-06 16:03:35.312 INFO  [main] o.s.w.s.h.SimpleUrlHandlerMapping - Mapped URL path [/webjars/**] onto handler of type [class org.springframework.web.servlet.resource.ResourceHttpRequestHandler]
°æxkcoding°ø2018-11-06 16:03:35.313 INFO  [main] o.s.w.s.h.SimpleUrlHandlerMapping - Mapped URL path [/**] onto handler of type [class org.springframework.web.servlet.resource.ResourceHttpRequestHandler]
°æxkcoding°ø2018-11-06 16:03:35.332 INFO  [main] o.s.w.s.m.m.a.ExceptionHandlerExceptionResolver - Detected @ExceptionHandler methods in globalExceptionHandler
°æxkcoding°ø2018-11-06 16:03:35.497 INFO  [main] o.s.b.a.w.s.WelcomePageHandlerMapping - Adding welcome page template: index
°æxkcoding°ø2018-11-06 16:03:35.746 INFO  [main] o.s.w.s.v.f.FreeMarkerConfigurer - ClassTemplateLoader for Spring macros added to FreeMarker configuration
°æxkcoding°ø2018-11-06 16:03:36.377 INFO  [main] o.s.c.s.DefaultLifecycleProcessor - Starting beans in phase 2147483647
°æxkcoding°ø2018-11-06 16:03:36.378 INFO  [main] s.d.s.w.p.DocumentationPluginsBootstrapper - Context refreshed
°æxkcoding°ø2018-11-06 16:03:36.410 INFO  [main] s.d.s.w.p.DocumentationPluginsBootstrapper - Found 1 custom documentation plugin(s)
°æxkcoding°ø2018-11-06 16:03:36.471 INFO  [main] s.d.s.w.s.ApiListingReferenceScanner - Scanning for api listing references
°æxkcoding°ø2018-11-06 16:03:36.843 INFO  [main] s.d.s.w.r.o.CachingOperationNameGenerator - Generating unique operation named: upload2UsingPOST_1
°æxkcoding°ø2018-11-06 16:03:36.929 INFO  [main] s.d.s.w.r.o.CachingOperationNameGenerator - Generating unique operation named: listUsingGET_1
°æxkcoding°ø2018-11-06 16:03:36.944 INFO  [main] s.d.s.w.r.o.CachingOperationNameGenerator - Generating unique operation named: listUsingGET_2
°æxkcoding°ø2018-11-06 16:03:36.975 INFO  [main] s.d.s.w.r.o.CachingOperationNameGenerator - Generating unique operation named: listUsingGET_3
°æxkcoding°ø2018-11-06 16:03:36.997 INFO  [main] s.d.s.w.r.o.CachingOperationNameGenerator - Generating unique operation named: showUsingGET_1
°æxkcoding°ø2018-11-06 16:03:37.001 INFO  [main] s.d.s.w.r.o.CachingOperationNameGenerator - Generating unique operation named: indexUsingGET_1
°æxkcoding°ø2018-11-06 16:03:37.051 INFO  [main] s.d.s.w.r.o.CachingOperationNameGenerator - Generating unique operation named: WithdrawInfoUsingPOST_1
°æxkcoding°ø2018-11-06 16:03:37.054 INFO  [main] s.d.s.w.r.o.CachingOperationNameGenerator - Generating unique operation named: selectWithdrawsUsingPOST_1
°æxkcoding°ø2018-11-06 16:03:37.093 INFO  [main] c.w.Springboot2MybatisDemoApplicationTests - Started Springboot2MybatisDemoApplicationTests in 24.064 seconds (JVM running for 25.196)
°æxkcoding°ø2018-11-06 16:03:37.305 INFO  [Thread-5] o.s.w.c.s.GenericWebApplicationContext - Closing org.springframework.web.context.support.GenericWebApplicationContext@3daf7722: startup date [Tue Nov 06 16:03:13 CST 2018]; root of context hierarchy
°æxkcoding°ø2018-11-06 16:03:37.308 INFO  [Thread-5] o.s.c.s.DefaultLifecycleProcessor - Stopping beans in phase 2147483647
°æxkcoding°ø2018-11-06 16:03:37.328 INFO  [Thread-5] c.alibaba.druid.pool.DruidDataSource - {dataSource-1} closed
